21.04.2024 11:03:58.027 [HikariPool-1 housekeeper] WARN  c.z.h.p.HikariPool - HikariPool-1 - Thread starvation or clock leap detected (housekeeper delta=14h30m22s378ms988µs600ns).
21.04.2024 11:08:14.562 [main] WARN  o.h.orm.deprecation - HHH90000025: H2Dialect does not need to be specified explicitly using 'hibernate.dialect' (remove the property setting and it will be selected by default)
21.04.2024 11:08:18.146 [main] WARN  o.s.b.a.o.j.JpaBaseConfiguration$JpaWebConfiguration - spring.jpa.open-in-view is enabled by default. Therefore, database queries may be performed during view rendering. Explicitly configure spring.jpa.open-in-view to disable this warning
21.04.2024 11:08:21.010 [main] WARN  o.h.e.j.s.SqlExceptionHelper - SQL Error: 23505, SQLState: 23505
21.04.2024 11:08:21.017 [main] ERROR o.h.e.j.s.SqlExceptionHelper - Нарушение уникального индекса или первичного ключа: "PUBLIC.CONSTRAINT_INDEX_B3 ON PUBLIC.USERS_INFO(EMAIL NULLS FIRST) VALUES ( /* 3 */ 'belova@gmail.com' )"
Unique index or primary key violation: "PUBLIC.CONSTRAINT_INDEX_B3 ON PUBLIC.USERS_INFO(EMAIL NULLS FIRST) VALUES ( /* 3 */ 'belova@gmail.com' )"; SQL statement:
insert into users_info (address,card_number,city,email,password,postal_code,user_name,ui_id) values (?,?,?,?,?,?,?,?) [23505-224]
21.04.2024 11:08:21.031 [main] ERROR c.e.o.a.LoggingAspect - Request throw an exception. Cause - [UserBeforeCreatingDto(userName=vasia, password=7654, firstName=Vasiliy, lastName=Vasiliev, country=FRANCE, address=Main Street, 35, city=LYON, postalCode=12344, email=belova@gmail.com, cardNumber=12345677788990009888)]. could not execute statement [Нарушение уникального индекса или первичного ключа: "PUBLIC.CONSTRAINT_INDEX_B3 ON PUBLIC.USERS_INFO(EMAIL NULLS FIRST) VALUES ( /* 3 */ 'belova@gmail.com' )"
Unique index or primary key violation: "PUBLIC.CONSTRAINT_INDEX_B3 ON PUBLIC.USERS_INFO(EMAIL NULLS FIRST) VALUES ( /* 3 */ 'belova@gmail.com' )"; SQL statement:
insert into users_info (address,card_number,city,email,password,postal_code,user_name,ui_id) values (?,?,?,?,?,?,?,?) [23505-224]] [insert into users_info (address,card_number,city,email,password,postal_code,user_name,ui_id) values (?,?,?,?,?,?,?,?)]; SQL [insert into users_info (address,card_number,city,email,password,postal_code,user_name,ui_id) values (?,?,?,?,?,?,?,?)]; constraint ["PUBLIC.CONSTRAINT_INDEX_B3 ON PUBLIC.USERS_INFO(EMAIL NULLS FIRST) VALUES ( /* 3 */ 'belova@gmail.com' )"; SQL statement:
insert into users_info (address,card_number,city,email,password,postal_code,user_name,ui_id) values (?,?,?,?,?,?,?,?) [23505-224]]
21.04.2024 11:08:21.485 [main] WARN  o.h.e.j.s.SqlExceptionHelper - SQL Error: 23505, SQLState: 23505
21.04.2024 11:08:21.486 [main] ERROR o.h.e.j.s.SqlExceptionHelper - Нарушение уникального индекса или первичного ключа: "PUBLIC.CONSTRAINT_INDEX_B ON PUBLIC.USERS_INFO(USER_NAME NULLS FIRST) VALUES ( /* 3 */ 'anna_belova' )"
Unique index or primary key violation: "PUBLIC.CONSTRAINT_INDEX_B ON PUBLIC.USERS_INFO(USER_NAME NULLS FIRST) VALUES ( /* 3 */ 'anna_belova' )"; SQL statement:
insert into users_info (address,card_number,city,email,password,postal_code,user_name,ui_id) values (?,?,?,?,?,?,?,?) [23505-224]
21.04.2024 11:08:21.487 [main] ERROR c.e.o.a.LoggingAspect - Request throw an exception. Cause - [UserBeforeCreatingDto(userName=anna_belova, password=7654, firstName=Vasiliy, lastName=Vasiliev, country=FRANCE, address=Main Street, 35, city=LYON, postalCode=12344, email=vasvas@gmail.com, cardNumber=12345677788990009888)]. could not execute statement [Нарушение уникального индекса или первичного ключа: "PUBLIC.CONSTRAINT_INDEX_B ON PUBLIC.USERS_INFO(USER_NAME NULLS FIRST) VALUES ( /* 3 */ 'anna_belova' )"
Unique index or primary key violation: "PUBLIC.CONSTRAINT_INDEX_B ON PUBLIC.USERS_INFO(USER_NAME NULLS FIRST) VALUES ( /* 3 */ 'anna_belova' )"; SQL statement:
insert into users_info (address,card_number,city,email,password,postal_code,user_name,ui_id) values (?,?,?,?,?,?,?,?) [23505-224]] [insert into users_info (address,card_number,city,email,password,postal_code,user_name,ui_id) values (?,?,?,?,?,?,?,?)]; SQL [insert into users_info (address,card_number,city,email,password,postal_code,user_name,ui_id) values (?,?,?,?,?,?,?,?)]; constraint ["PUBLIC.CONSTRAINT_INDEX_B ON PUBLIC.USERS_INFO(USER_NAME NULLS FIRST) VALUES ( /* 3 */ 'anna_belova' )"; SQL statement:
insert into users_info (address,card_number,city,email,password,postal_code,user_name,ui_id) values (?,?,?,?,?,?,?,?) [23505-224]]
21.04.2024 11:08:22.008 [main] WARN  o.h.e.j.s.SqlExceptionHelper - SQL Error: 23502, SQLState: 23502
21.04.2024 11:08:22.008 [main] ERROR o.h.e.j.s.SqlExceptionHelper - Значение NULL не разрешено для поля "FIRST_NAME"
NULL not allowed for column "FIRST_NAME"; SQL statement:
insert into users (country,created_at,first_name,last_name,user_info,u_id) values (?,?,?,?,?,?) [23502-224]
21.04.2024 11:08:22.009 [main] ERROR c.e.o.a.LoggingAspect - Request throw an exception. Cause - [UserBeforeCreatingDto(userName=vasia, password=7654, firstName=null, lastName=Vasiliev, country=FRANCE, address=Main Street, 35, city=LYON, postalCode=12344, email=vasvas@gmail.com, cardNumber=12345677788990009888)]. could not execute statement [Значение NULL не разрешено для поля "FIRST_NAME"
NULL not allowed for column "FIRST_NAME"; SQL statement:
insert into users (country,created_at,first_name,last_name,user_info,u_id) values (?,?,?,?,?,?) [23502-224]] [insert into users (country,created_at,first_name,last_name,user_info,u_id) values (?,?,?,?,?,?)]; SQL [insert into users (country,created_at,first_name,last_name,user_info,u_id) values (?,?,?,?,?,?)]; constraint [null]
